<?xml version="1.0" encoding="UTF-8"?>
<coverage generated="1614877031355" clover="3.2.0">
  <project timestamp="1614877031355" name="All files">
    <metrics statements="45" coveredstatements="45" conditionals="20" coveredconditionals="20" methods="7" coveredmethods="7" elements="72" coveredelements="72" complexity="0" loc="45" ncloc="45" packages="1" files="4" classes="4"/>
    <file name="Max.js" path="E:\desktop wind7\kjmr\ThoughtWorks\Pre Reading\Module 7\utility-js\src\Max.js">
      <metrics statements="21" coveredstatements="21" conditionals="10" coveredconditionals="10" methods="2" coveredmethods="2"/>
      <line num="3" count="53" type="stmt"/>
      <line num="4" count="53" type="stmt"/>
      <line num="6" count="53" type="cond" truecount="2" falsecount="0"/>
      <line num="8" count="17" type="stmt"/>
      <line num="10" count="36" type="cond" truecount="2" falsecount="0"/>
      <line num="12" count="13" type="stmt"/>
      <line num="13" count="13" type="stmt"/>
      <line num="17" count="23" type="stmt"/>
      <line num="19" count="36" type="cond" truecount="2" falsecount="0"/>
      <line num="21" count="21" type="stmt"/>
      <line num="23" count="36" type="stmt"/>
      <line num="24" count="36" type="cond" truecount="2" falsecount="0"/>
      <line num="26" count="9" type="stmt"/>
      <line num="28" count="36" type="stmt"/>
      <line num="31" count="1" type="stmt"/>
      <line num="32" count="5" type="stmt"/>
      <line num="33" count="5" type="stmt"/>
      <line num="34" count="5" type="cond" truecount="2" falsecount="0"/>
      <line num="36" count="1" type="stmt"/>
      <line num="38" count="4" type="stmt"/>
      <line num="40" count="1" type="stmt"/>
    </file>
    <file name="add.js" path="E:\desktop wind7\kjmr\ThoughtWorks\Pre Reading\Module 7\utility-js\src\add.js">
      <metrics statements="3" coveredstatements="3" conditionals="0" coveredconditionals="0" methods="1" coveredmethods="1"/>
      <line num="1" count="1" type="stmt"/>
      <line num="2" count="2" type="stmt"/>
      <line num="4" count="1" type="stmt"/>
    </file>
    <file name="head.js" path="E:\desktop wind7\kjmr\ThoughtWorks\Pre Reading\Module 7\utility-js\src\head.js">
      <metrics statements="9" coveredstatements="9" conditionals="4" coveredconditionals="4" methods="2" coveredmethods="2"/>
      <line num="4" count="15" type="cond" truecount="2" falsecount="0"/>
      <line num="6" count="1" type="stmt"/>
      <line num="10" count="14" type="cond" truecount="2" falsecount="0"/>
      <line num="12" count="6" type="stmt"/>
      <line num="16" count="8" type="stmt"/>
      <line num="19" count="15" type="stmt"/>
      <line num="22" count="1" type="stmt"/>
      <line num="23" count="9" type="stmt"/>
      <line num="25" count="1" type="stmt"/>
    </file>
    <file name="tail.js" path="E:\desktop wind7\kjmr\ThoughtWorks\Pre Reading\Module 7\utility-js\src\tail.js">
      <metrics statements="12" coveredstatements="12" conditionals="6" coveredconditionals="6" methods="2" coveredmethods="2"/>
      <line num="4" count="18" type="cond" truecount="2" falsecount="0"/>
      <line num="6" count="1" type="stmt"/>
      <line num="10" count="17" type="stmt"/>
      <line num="11" count="17" type="cond" truecount="2" falsecount="0"/>
      <line num="13" count="16" type="cond" truecount="2" falsecount="0"/>
      <line num="15" count="9" type="stmt"/>
      <line num="19" count="7" type="stmt"/>
      <line num="24" count="1" type="stmt"/>
      <line num="27" count="18" type="stmt"/>
      <line num="30" count="1" type="stmt"/>
      <line num="31" count="9" type="stmt"/>
      <line num="33" count="1" type="stmt"/>
    </file>
  </project>
</coverage>
