<?xml version="1.0" encoding="UTF-8"?>
<coverage generated="1614892740460" clover="3.2.0">
  <project timestamp="1614892740460" name="All files">
    <metrics statements="132" coveredstatements="129" conditionals="72" coveredconditionals="70" methods="19" coveredmethods="19" elements="223" coveredelements="218" complexity="0" loc="132" ncloc="132" packages="1" files="8" classes="8"/>
    <file name="Map.js" path="E:\desktop wind7\kjmr\ThoughtWorks\Pre Reading\Module 7\utility-js\src\Map.js">
      <metrics statements="21" coveredstatements="21" conditionals="12" coveredconditionals="12" methods="3" coveredmethods="3"/>
      <line num="3" count="31" type="cond" truecount="2" falsecount="0"/>
      <line num="5" count="6" type="stmt"/>
      <line num="7" count="25" type="cond" truecount="2" falsecount="0"/>
      <line num="9" count="10" type="stmt"/>
      <line num="11" count="15" type="cond" truecount="2" falsecount="0"/>
      <line num="13" count="5" type="stmt"/>
      <line num="17" count="10" type="stmt"/>
      <line num="26" count="65" type="cond" truecount="2" falsecount="0"/>
      <line num="28" count="21" type="stmt"/>
      <line num="30" count="44" type="cond" truecount="2" falsecount="0"/>
      <line num="32" count="14" type="stmt"/>
      <line num="33" count="14" type="stmt"/>
      <line num="37" count="30" type="stmt"/>
      <line num="39" count="44" type="stmt"/>
      <line num="40" count="44" type="stmt"/>
      <line num="43" count="1" type="stmt"/>
      <line num="44" count="8" type="stmt"/>
      <line num="45" count="8" type="cond" truecount="2" falsecount="0"/>
      <line num="47" count="1" type="stmt"/>
      <line num="49" count="7" type="stmt"/>
      <line num="51" count="1" type="stmt"/>
    </file>
    <file name="Max.js" path="E:\desktop wind7\kjmr\ThoughtWorks\Pre Reading\Module 7\utility-js\src\Max.js">
      <metrics statements="20" coveredstatements="20" conditionals="10" coveredconditionals="10" methods="2" coveredmethods="2"/>
      <line num="3" count="53" type="stmt"/>
      <line num="5" count="53" type="cond" truecount="2" falsecount="0"/>
      <line num="7" count="17" type="stmt"/>
      <line num="9" count="36" type="cond" truecount="2" falsecount="0"/>
      <line num="11" count="13" type="stmt"/>
      <line num="12" count="13" type="stmt"/>
      <line num="16" count="23" type="stmt"/>
      <line num="18" count="36" type="cond" truecount="2" falsecount="0"/>
      <line num="20" count="21" type="stmt"/>
      <line num="22" count="36" type="stmt"/>
      <line num="23" count="36" type="cond" truecount="2" falsecount="0"/>
      <line num="25" count="9" type="stmt"/>
      <line num="27" count="36" type="stmt"/>
      <line num="30" count="1" type="stmt"/>
      <line num="31" count="5" type="stmt"/>
      <line num="32" count="5" type="stmt"/>
      <line num="33" count="5" type="cond" truecount="2" falsecount="0"/>
      <line num="35" count="1" type="stmt"/>
      <line num="37" count="4" type="stmt"/>
      <line num="39" count="1" type="stmt"/>
    </file>
    <file name="Min.js" path="E:\desktop wind7\kjmr\ThoughtWorks\Pre Reading\Module 7\utility-js\src\Min.js">
      <metrics statements="20" coveredstatements="20" conditionals="10" coveredconditionals="10" methods="2" coveredmethods="2"/>
      <line num="3" count="53" type="stmt"/>
      <line num="5" count="53" type="cond" truecount="2" falsecount="0"/>
      <line num="7" count="17" type="stmt"/>
      <line num="9" count="36" type="cond" truecount="2" falsecount="0"/>
      <line num="11" count="13" type="stmt"/>
      <line num="12" count="13" type="stmt"/>
      <line num="16" count="23" type="stmt"/>
      <line num="18" count="36" type="cond" truecount="2" falsecount="0"/>
      <line num="20" count="14" type="stmt"/>
      <line num="22" count="36" type="stmt"/>
      <line num="23" count="36" type="cond" truecount="2" falsecount="0"/>
      <line num="25" count="3" type="stmt"/>
      <line num="27" count="36" type="stmt"/>
      <line num="30" count="1" type="stmt"/>
      <line num="31" count="5" type="stmt"/>
      <line num="32" count="5" type="stmt"/>
      <line num="33" count="5" type="cond" truecount="2" falsecount="0"/>
      <line num="35" count="1" type="stmt"/>
      <line num="37" count="4" type="stmt"/>
      <line num="39" count="1" type="stmt"/>
    </file>
    <file name="add.js" path="E:\desktop wind7\kjmr\ThoughtWorks\Pre Reading\Module 7\utility-js\src\add.js">
      <metrics statements="3" coveredstatements="3" conditionals="0" coveredconditionals="0" methods="1" coveredmethods="1"/>
      <line num="1" count="1" type="stmt"/>
      <line num="2" count="2" type="stmt"/>
      <line num="4" count="1" type="stmt"/>
    </file>
    <file name="filter.js" path="E:\desktop wind7\kjmr\ThoughtWorks\Pre Reading\Module 7\utility-js\src\filter.js">
      <metrics statements="27" coveredstatements="24" conditionals="20" coveredconditionals="18" methods="4" coveredmethods="4"/>
      <line num="3" count="25" type="cond" truecount="2" falsecount="0"/>
      <line num="5" count="5" type="cond" truecount="4" falsecount="0"/>
      <line num="7" count="2" type="stmt"/>
      <line num="11" count="3" type="stmt"/>
      <line num="14" count="20" type="cond" truecount="2" falsecount="0"/>
      <line num="16" count="5" type="cond" truecount="4" falsecount="0"/>
      <line num="18" count="3" type="stmt"/>
      <line num="22" count="2" type="stmt"/>
      <line num="27" count="15" type="stmt"/>
      <line num="36" count="33" type="cond" truecount="2" falsecount="0"/>
      <line num="38" count="8" type="stmt"/>
      <line num="40" count="25" type="cond" truecount="1" falsecount="1"/>
      <line num="42" count="0" type="stmt"/>
      <line num="43" count="0" type="stmt"/>
      <line num="47" count="25" type="cond" truecount="2" falsecount="0"/>
      <line num="49" count="11" type="stmt"/>
      <line num="52" count="25" type="stmt"/>
      <line num="53" count="25" type="stmt"/>
      <line num="56" count="1" type="stmt"/>
      <line num="57" count="8" type="stmt"/>
      <line num="58" count="8" type="cond" truecount="1" falsecount="1"/>
      <line num="60" count="0" type="stmt"/>
      <line num="62" count="8" type="stmt"/>
      <line num="63" count="8" type="stmt"/>
      <line num="64" count="25" type="stmt"/>
      <line num="66" count="8" type="stmt"/>
      <line num="68" count="1" type="stmt"/>
    </file>
    <file name="head.js" path="E:\desktop wind7\kjmr\ThoughtWorks\Pre Reading\Module 7\utility-js\src\head.js">
      <metrics statements="9" coveredstatements="9" conditionals="4" coveredconditionals="4" methods="2" coveredmethods="2"/>
      <line num="4" count="15" type="cond" truecount="2" falsecount="0"/>
      <line num="6" count="1" type="stmt"/>
      <line num="10" count="14" type="cond" truecount="2" falsecount="0"/>
      <line num="12" count="6" type="stmt"/>
      <line num="16" count="8" type="stmt"/>
      <line num="19" count="15" type="stmt"/>
      <line num="22" count="1" type="stmt"/>
      <line num="23" count="9" type="stmt"/>
      <line num="25" count="1" type="stmt"/>
    </file>
    <file name="reduce.js" path="E:\desktop wind7\kjmr\ThoughtWorks\Pre Reading\Module 7\utility-js\src\reduce.js">
      <metrics statements="20" coveredstatements="20" conditionals="10" coveredconditionals="10" methods="3" coveredmethods="3"/>
      <line num="5" count="41" type="cond" truecount="2" falsecount="0"/>
      <line num="7" count="9" type="stmt"/>
      <line num="11" count="32" type="stmt"/>
      <line num="19" count="55" type="cond" truecount="2" falsecount="0"/>
      <line num="21" count="14" type="stmt"/>
      <line num="23" count="41" type="cond" truecount="2" falsecount="0"/>
      <line num="25" count="6" type="stmt"/>
      <line num="26" count="6" type="stmt"/>
      <line num="30" count="35" type="stmt"/>
      <line num="32" count="41" type="stmt"/>
      <line num="35" count="1" type="stmt"/>
      <line num="36" count="9" type="stmt"/>
      <line num="37" count="9" type="stmt"/>
      <line num="38" count="9" type="cond" truecount="2" falsecount="0"/>
      <line num="40" count="1" type="stmt"/>
      <line num="44" count="8" type="stmt"/>
      <line num="46" count="9" type="cond" truecount="2" falsecount="0"/>
      <line num="48" count="5" type="stmt"/>
      <line num="50" count="9" type="stmt"/>
      <line num="52" count="1" type="stmt"/>
    </file>
    <file name="tail.js" path="E:\desktop wind7\kjmr\ThoughtWorks\Pre Reading\Module 7\utility-js\src\tail.js">
      <metrics statements="12" coveredstatements="12" conditionals="6" coveredconditionals="6" methods="2" coveredmethods="2"/>
      <line num="4" count="18" type="cond" truecount="2" falsecount="0"/>
      <line num="6" count="1" type="stmt"/>
      <line num="10" count="17" type="stmt"/>
      <line num="11" count="17" type="cond" truecount="2" falsecount="0"/>
      <line num="13" count="16" type="cond" truecount="2" falsecount="0"/>
      <line num="15" count="9" type="stmt"/>
      <line num="19" count="7" type="stmt"/>
      <line num="24" count="1" type="stmt"/>
      <line num="27" count="18" type="stmt"/>
      <line num="30" count="1" type="stmt"/>
      <line num="31" count="9" type="stmt"/>
      <line num="33" count="1" type="stmt"/>
    </file>
  </project>
</coverage>
