{"E:\\desktop wind7\\kjmr\\ThoughtWorks\\Pre Reading\\Module 7\\utility-js\\src\\Max.js": {"path":"E:\\desktop wind7\\kjmr\\ThoughtWorks\\Pre Reading\\Module 7\\utility-js\\src\\Max.js","statementMap":{"0":{"start":{"line":3,"column":4},"end":{"line":3,"column":21}},"1":{"start":{"line":4,"column":12},"end":{"line":4,"column":28}},"2":{"start":{"line":6,"column":4},"end":{"line":9,"column":5}},"3":{"start":{"line":8,"column":8},"end":{"line":8,"column":19}},"4":{"start":{"line":10,"column":4},"end":{"line":18,"column":5}},"5":{"start":{"line":12,"column":8},"end":{"line":12,"column":30}},"6":{"start":{"line":13,"column":8},"end":{"line":13,"column":42}},"7":{"start":{"line":17,"column":8},"end":{"line":17,"column":23}},"8":{"start":{"line":19,"column":4},"end":{"line":22,"column":5}},"9":{"start":{"line":21,"column":8},"end":{"line":21,"column":16}},"10":{"start":{"line":23,"column":4},"end":{"line":23,"column":37}},"11":{"start":{"line":24,"column":4},"end":{"line":27,"column":5}},"12":{"start":{"line":26,"column":8},"end":{"line":26,"column":16}},"13":{"start":{"line":28,"column":4},"end":{"line":28,"column":15}},"14":{"start":{"line":31,"column":12},"end":{"line":39,"column":1}},"15":{"start":{"line":32,"column":12},"end":{"line":32,"column":24}},"16":{"start":{"line":33,"column":12},"end":{"line":33,"column":28}},"17":{"start":{"line":34,"column":4},"end":{"line":37,"column":5}},"18":{"start":{"line":36,"column":8},"end":{"line":36,"column":21}},"19":{"start":{"line":38,"column":4},"end":{"line":38,"column":36}},"20":{"start":{"line":40,"column":0},"end":{"line":40,"column":21}}},"fnMap":{"0":{"name":"Maximum","decl":{"start":{"line":1,"column":9},"end":{"line":1,"column":16}},"loc":{"start":{"line":2,"column":0},"end":{"line":29,"column":1}},"line":2},"1":{"name":"(anonymous_1)","decl":{"start":{"line":31,"column":12},"end":{"line":31,"column":13}},"loc":{"start":{"line":31,"column":23},"end":{"line":39,"column":1}},"line":31}},"branchMap":{"0":{"loc":{"start":{"line":6,"column":4},"end":{"line":9,"column":5}},"type":"if","locations":[{"start":{"line":6,"column":4},"end":{"line":9,"column":5}},{"start":{"line":6,"column":4},"end":{"line":9,"column":5}}],"line":6},"1":{"loc":{"start":{"line":10,"column":4},"end":{"line":18,"column":5}},"type":"if","locations":[{"start":{"line":10,"column":4},"end":{"line":18,"column":5}},{"start":{"line":10,"column":4},"end":{"line":18,"column":5}}],"line":10},"2":{"loc":{"start":{"line":19,"column":4},"end":{"line":22,"column":5}},"type":"if","locations":[{"start":{"line":19,"column":4},"end":{"line":22,"column":5}},{"start":{"line":19,"column":4},"end":{"line":22,"column":5}}],"line":19},"3":{"loc":{"start":{"line":24,"column":4},"end":{"line":27,"column":5}},"type":"if","locations":[{"start":{"line":24,"column":4},"end":{"line":27,"column":5}},{"start":{"line":24,"column":4},"end":{"line":27,"column":5}}],"line":24},"4":{"loc":{"start":{"line":34,"column":4},"end":{"line":37,"column":5}},"type":"if","locations":[{"start":{"line":34,"column":4},"end":{"line":37,"column":5}},{"start":{"line":34,"column":4},"end":{"line":37,"column":5}}],"line":34}},"s":{"0":53,"1":53,"2":53,"3":17,"4":36,"5":13,"6":13,"7":23,"8":36,"9":21,"10":36,"11":36,"12":9,"13":36,"14":1,"15":5,"16":5,"17":5,"18":1,"19":4,"20":1},"f":{"0":53,"1":5},"b":{"0":[17,36],"1":[13,23],"2":[21,15],"3":[9,27],"4":[1,4]},"_coverageSchema":"1a1c01bbd47fc00a2c39e90264f33305004495a9","hash":"8da11f603f3516e4cda3fc48a406a94dc8c126e8"}
,"E:\\desktop wind7\\kjmr\\ThoughtWorks\\Pre Reading\\Module 7\\utility-js\\src\\add.js": {"path":"E:\\desktop wind7\\kjmr\\ThoughtWorks\\Pre Reading\\Module 7\\utility-js\\src\\add.js","statementMap":{"0":{"start":{"line":1,"column":12},"end":{"line":3,"column":1}},"1":{"start":{"line":2,"column":4},"end":{"line":2,"column":26}},"2":{"start":{"line":4,"column":0},"end":{"line":4,"column":21}}},"fnMap":{"0":{"name":"(anonymous_0)","decl":{"start":{"line":1,"column":12},"end":{"line":1,"column":13}},"loc":{"start":{"line":1,"column":30},"end":{"line":3,"column":1}},"line":1}},"branchMap":{},"s":{"0":1,"1":2,"2":1},"f":{"0":2},"b":{},"_coverageSchema":"1a1c01bbd47fc00a2c39e90264f33305004495a9","hash":"e8e5d405c16c60817adfad8ab8c62db83e70b521"}
,"E:\\desktop wind7\\kjmr\\ThoughtWorks\\Pre Reading\\Module 7\\utility-js\\src\\head.js": {"path":"E:\\desktop wind7\\kjmr\\ThoughtWorks\\Pre Reading\\Module 7\\utility-js\\src\\head.js","statementMap":{"0":{"start":{"line":4,"column":4},"end":{"line":18,"column":5}},"1":{"start":{"line":6,"column":8},"end":{"line":6,"column":20}},"2":{"start":{"line":10,"column":8},"end":{"line":17,"column":9}},"3":{"start":{"line":12,"column":12},"end":{"line":12,"column":39}},"4":{"start":{"line":16,"column":12},"end":{"line":16,"column":25}},"5":{"start":{"line":19,"column":4},"end":{"line":19,"column":15}},"6":{"start":{"line":22,"column":13},"end":{"line":24,"column":1}},"7":{"start":{"line":23,"column":4},"end":{"line":23,"column":31}},"8":{"start":{"line":25,"column":0},"end":{"line":25,"column":22}}},"fnMap":{"0":{"name":"firstelement","decl":{"start":{"line":1,"column":9},"end":{"line":1,"column":21}},"loc":{"start":{"line":2,"column":0},"end":{"line":20,"column":1}},"line":2},"1":{"name":"(anonymous_1)","decl":{"start":{"line":22,"column":13},"end":{"line":22,"column":14}},"loc":{"start":{"line":22,"column":24},"end":{"line":24,"column":1}},"line":22}},"branchMap":{"0":{"loc":{"start":{"line":4,"column":4},"end":{"line":18,"column":5}},"type":"if","locations":[{"start":{"line":4,"column":4},"end":{"line":18,"column":5}},{"start":{"line":4,"column":4},"end":{"line":18,"column":5}}],"line":4},"1":{"loc":{"start":{"line":10,"column":8},"end":{"line":17,"column":9}},"type":"if","locations":[{"start":{"line":10,"column":8},"end":{"line":17,"column":9}},{"start":{"line":10,"column":8},"end":{"line":17,"column":9}}],"line":10}},"s":{"0":15,"1":1,"2":14,"3":6,"4":8,"5":15,"6":1,"7":9,"8":1},"f":{"0":15,"1":9},"b":{"0":[1,14],"1":[6,8]},"_coverageSchema":"1a1c01bbd47fc00a2c39e90264f33305004495a9","hash":"2fa73baa49c2360180d34ec1e0b23b39b66eaf23"}
,"E:\\desktop wind7\\kjmr\\ThoughtWorks\\Pre Reading\\Module 7\\utility-js\\src\\tail.js": {"path":"E:\\desktop wind7\\kjmr\\ThoughtWorks\\Pre Reading\\Module 7\\utility-js\\src\\tail.js","statementMap":{"0":{"start":{"line":4,"column":4},"end":{"line":26,"column":5}},"1":{"start":{"line":6,"column":8},"end":{"line":6,"column":19}},"2":{"start":{"line":10,"column":16},"end":{"line":10,"column":29}},"3":{"start":{"line":11,"column":8},"end":{"line":25,"column":9}},"4":{"start":{"line":13,"column":12},"end":{"line":20,"column":13}},"5":{"start":{"line":15,"column":16},"end":{"line":15,"column":43}},"6":{"start":{"line":19,"column":16},"end":{"line":19,"column":30}},"7":{"start":{"line":24,"column":12},"end":{"line":24,"column":24}},"8":{"start":{"line":27,"column":4},"end":{"line":27,"column":15}},"9":{"start":{"line":30,"column":13},"end":{"line":32,"column":1}},"10":{"start":{"line":31,"column":4},"end":{"line":31,"column":29}},"11":{"start":{"line":33,"column":0},"end":{"line":33,"column":22}}},"fnMap":{"0":{"name":"lastelement","decl":{"start":{"line":1,"column":9},"end":{"line":1,"column":20}},"loc":{"start":{"line":2,"column":0},"end":{"line":28,"column":1}},"line":2},"1":{"name":"(anonymous_1)","decl":{"start":{"line":30,"column":13},"end":{"line":30,"column":14}},"loc":{"start":{"line":30,"column":23},"end":{"line":32,"column":1}},"line":30}},"branchMap":{"0":{"loc":{"start":{"line":4,"column":4},"end":{"line":26,"column":5}},"type":"if","locations":[{"start":{"line":4,"column":4},"end":{"line":26,"column":5}},{"start":{"line":4,"column":4},"end":{"line":26,"column":5}}],"line":4},"1":{"loc":{"start":{"line":11,"column":8},"end":{"line":25,"column":9}},"type":"if","locations":[{"start":{"line":11,"column":8},"end":{"line":25,"column":9}},{"start":{"line":11,"column":8},"end":{"line":25,"column":9}}],"line":11},"2":{"loc":{"start":{"line":13,"column":12},"end":{"line":20,"column":13}},"type":"if","locations":[{"start":{"line":13,"column":12},"end":{"line":20,"column":13}},{"start":{"line":13,"column":12},"end":{"line":20,"column":13}}],"line":13}},"s":{"0":18,"1":1,"2":17,"3":17,"4":16,"5":9,"6":7,"7":1,"8":18,"9":1,"10":9,"11":1},"f":{"0":18,"1":9},"b":{"0":[1,17],"1":[16,1],"2":[9,7]},"_coverageSchema":"1a1c01bbd47fc00a2c39e90264f33305004495a9","hash":"9c0729a2ad058f2d9163f574f71cd422ccd0147b"}
}
