TN:
SF:src\add.js
FN:1,(anonymous_0)
FNF:1
FNH:1
FNDA:2,(anonymous_0)
DA:1,1
DA:2,2
DA:4,1
LF:3
LH:3
BRF:0
BRH:0
end_of_record
TN:
SF:src\head.js
FN:1,firstelement
FN:22,(anonymous_1)
FNF:2
FNH:2
FNDA:15,firstelement
FNDA:9,(anonymous_1)
DA:4,15
DA:6,1
DA:10,14
DA:12,6
DA:16,8
DA:19,15
DA:22,1
DA:23,9
DA:25,1
LF:9
LH:9
BRDA:4,0,0,1
BRDA:4,0,1,14
BRDA:10,1,0,6
BRDA:10,1,1,8
BRF:4
BRH:4
end_of_record
TN:
SF:src\tail.js
FN:1,lastelement
FN:30,(anonymous_1)
FNF:2
FNH:2
FNDA:18,lastelement
FNDA:9,(anonymous_1)
DA:4,18
DA:6,1
DA:10,17
DA:11,17
DA:13,16
DA:15,9
DA:19,7
DA:24,1
DA:27,18
DA:30,1
DA:31,9
DA:33,1
LF:12
LH:12
BRDA:4,0,0,1
BRDA:4,0,1,17
BRDA:11,1,0,16
BRDA:11,1,1,1
BRDA:13,2,0,9
BRDA:13,2,1,7
BRF:6
BRH:6
end_of_record
