TN:
SF:src\Max.js
FN:1,Maximum
FN:31,(anonymous_1)
FNF:2
FNH:2
FNDA:53,Maximum
FNDA:5,(anonymous_1)
DA:3,53
DA:4,53
DA:6,53
DA:8,17
DA:10,36
DA:12,13
DA:13,13
DA:17,23
DA:19,36
DA:21,21
DA:23,36
DA:24,36
DA:26,9
DA:28,36
DA:31,1
DA:32,5
DA:33,5
DA:34,5
DA:36,1
DA:38,4
DA:40,1
LF:21
LH:21
BRDA:6,0,0,17
BRDA:6,0,1,36
BRDA:10,1,0,13
BRDA:10,1,1,23
BRDA:19,2,0,21
BRDA:19,2,1,15
BRDA:24,3,0,9
BRDA:24,3,1,27
BRDA:34,4,0,1
BRDA:34,4,1,4
BRF:10
BRH:10
end_of_record
TN:
SF:src\add.js
FN:1,(anonymous_0)
FNF:1
FNH:1
FNDA:2,(anonymous_0)
DA:1,1
DA:2,2
DA:4,1
LF:3
LH:3
BRF:0
BRH:0
end_of_record
TN:
SF:src\head.js
FN:1,firstelement
FN:22,(anonymous_1)
FNF:2
FNH:2
FNDA:15,firstelement
FNDA:9,(anonymous_1)
DA:4,15
DA:6,1
DA:10,14
DA:12,6
DA:16,8
DA:19,15
DA:22,1
DA:23,9
DA:25,1
LF:9
LH:9
BRDA:4,0,0,1
BRDA:4,0,1,14
BRDA:10,1,0,6
BRDA:10,1,1,8
BRF:4
BRH:4
end_of_record
TN:
SF:src\tail.js
FN:1,lastelement
FN:30,(anonymous_1)
FNF:2
FNH:2
FNDA:18,lastelement
FNDA:9,(anonymous_1)
DA:4,18
DA:6,1
DA:10,17
DA:11,17
DA:13,16
DA:15,9
DA:19,7
DA:24,1
DA:27,18
DA:30,1
DA:31,9
DA:33,1
LF:12
LH:12
BRDA:4,0,0,1
BRDA:4,0,1,17
BRDA:11,1,0,16
BRDA:11,1,1,1
BRDA:13,2,0,9
BRDA:13,2,1,7
BRF:6
BRH:6
end_of_record
